Using pre-set license
Built from '2020.3/staging' branch; Version is '2020.3.17f1 (a4537701e4ab) revision 10769271'; Using compiler version '192528614'; Build Type 'Release'
OS: 'Windows 10 Pro; OS build 19042.1237; Version 2009; 64bit' Language: 'es' Physical Memory: 24524 MB
BatchMode: 1, IsHumanControllingUs: 0, StartBugReporterOnCrash: 0, Is64bit: 1, IsPro: 0

COMMAND LINE ARGUMENTS:
D:\prueba unity\2020.3.17f1\Editor\Unity.exe
-adb2
-batchMode
-noUpm
-name
AssetImportWorker0
-projectPath
D:/TESIS/Torrences_Game
-logFile
Logs/AssetImportWorker0.log
-srvPort
53180
Successfully changed project path to: D:/TESIS/Torrences_Game
D:/TESIS/Torrences_Game
Using Asset Import Pipeline V2.
Refreshing native plugins compatible for Editor in 47.20 ms, found 3 plugins.
Preloading 0 native plugins for Editor in 0.00 ms.
Initialize engine version: 2020.3.17f1 (a4537701e4ab)
[Subsystems] Discovering subsystems at path D:/prueba unity/2020.3.17f1/Editor/Data/Resources/UnitySubsystems
[Subsystems] Discovering subsystems at path D:/TESIS/Torrences_Game/Assets
GfxDevice: creating device client; threaded=0
Direct3D:
    Version:  Direct3D 11.0 [level 11.1]
    Renderer: NVIDIA GeForce GTX 1050 (ID=0x1c81)
    Vendor:   
    VRAM:     1977 MB
    Driver:   30.0.14.7196
Initialize mono
Mono path[0] = 'D:/prueba unity/2020.3.17f1/Editor/Data/Managed'
Mono path[1] = 'D:/prueba unity/2020.3.17f1/Editor/Data/MonoBleedingEdge/lib/mono/unityjit'
Mono config path = 'D:/prueba unity/2020.3.17f1/Editor/Data/MonoBleedingEdge/etc'
Using monoOptions --debugger-agent=transport=dt_socket,embedding=1,server=y,suspend=n,address=127.0.0.1:56660
Begin MonoManager ReloadAssembly
Registering precompiled unity dll's ...
Register platform support module: D:/prueba unity/2020.3.17f1/Editor/Data/PlaybackEngines/WindowsStandaloneSupport/UnityEditor.WindowsStandalone.Extensions.dll
Registered in 0.001062 seconds.
Native extension for WindowsStandalone target not found
Refreshing native plugins compatible for Editor in 45.51 ms, found 3 plugins.
Preloading 0 native plugins for Editor in 0.00 ms.
Mono: successfully reloaded assembly
- Completed reload, in  0.792 seconds
Domain Reload Profiling:
	ReloadAssembly (792ms)
		BeginReloadAssembly (46ms)
			ExecutionOrderSort (0ms)
			DisableScriptedObjects (0ms)
			BackupInstance (0ms)
			ReleaseScriptingObjects (0ms)
			CreateAndSetChildDomain (1ms)
		EndReloadAssembly (371ms)
			LoadAssemblies (44ms)
			RebuildTransferFunctionScriptingTraits (0ms)
			SetupTypeCache (128ms)
			ReleaseScriptCaches (0ms)
			RebuildScriptCaches (26ms)
			SetupLoadedEditorAssemblies (157ms)
				LogAssemblyErrors (0ms)
				InitializePlatformSupportModulesInManaged (3ms)
				SetLoadedEditorAssemblies (0ms)
				RefreshPlugins (46ms)
				BeforeProcessingInitializeOnLoad (15ms)
				ProcessInitializeOnLoadAttributes (67ms)
				ProcessInitializeOnLoadMethodAttributes (25ms)
				AfterProcessingInitializeOnLoad (0ms)
				EditorAssembliesLoaded (0ms)
			ExecutionOrderSort2 (0ms)
			AwakeInstancesAfterBackupRestoration (0ms)
Platform modules already initialized, skipping
Registering precompiled user dll's ...
Registered in 0.002549 seconds.
Begin MonoManager ReloadAssembly
Native extension for WindowsStandalone target not found
Refreshing native plugins compatible for Editor in 45.96 ms, found 3 plugins.
Preloading 0 native plugins for Editor in 0.00 ms.
Mono: successfully reloaded assembly
- Completed reload, in  1.075 seconds
Domain Reload Profiling:
	ReloadAssembly (1075ms)
		BeginReloadAssembly (130ms)
			ExecutionOrderSort (0ms)
			DisableScriptedObjects (4ms)
			BackupInstance (0ms)
			ReleaseScriptingObjects (0ms)
			CreateAndSetChildDomain (19ms)
		EndReloadAssembly (891ms)
			LoadAssemblies (76ms)
			RebuildTransferFunctionScriptingTraits (0ms)
			SetupTypeCache (272ms)
			ReleaseScriptCaches (1ms)
			RebuildScriptCaches (44ms)
			SetupLoadedEditorAssemblies (387ms)
				LogAssemblyErrors (0ms)
				InitializePlatformSupportModulesInManaged (4ms)
				SetLoadedEditorAssemblies (0ms)
				RefreshPlugins (46ms)
				BeforeProcessingInitializeOnLoad (70ms)
				ProcessInitializeOnLoadAttributes (254ms)
				ProcessInitializeOnLoadMethodAttributes (11ms)
				AfterProcessingInitializeOnLoad (2ms)
				EditorAssembliesLoaded (0ms)
			ExecutionOrderSort2 (0ms)
			AwakeInstancesAfterBackupRestoration (6ms)
Platform modules already initialized, skipping
========================================================================
Worker process is ready to serve import requests
Launched and connected shader compiler UnityShaderCompiler.exe after 0.09 seconds
Refreshing native plugins compatible for Editor in 0.76 ms, found 3 plugins.
Preloading 0 native plugins for Editor in 0.00 ms.
Unloading 2208 Unused Serialized files (Serialized files now loaded: 0)
System memory in use before: 96.4 MB.
System memory in use after: 96.5 MB.

Unloading 41 unused Assets to reduce memory usage. Loaded Objects now: 2632.
Total: 3.523800 ms (FindLiveObjects: 0.252200 ms CreateObjectMapping: 0.050100 ms MarkObjects: 3.132500 ms  DeleteObjects: 0.086900 ms)

AssetImportParameters requested are different than current active one (requested -> active):
  custom:framework-win-MediaFoundation: 216162199b28c13a410421893ffa2e32 -> 
  custom:video-decoder-ogg-theora: a1e56fd34408186e4bbccfd4996cb3dc -> 
  custom:container-muxer-webm: aa71ff27fc2769a1b78a27578f13a17b -> 
  custom:container-demuxer-webm: 4f35f7cbe854078d1ac9338744f61a02 -> 
  custom:container-demuxer-ogg: 62fdf1f143b41e24485cea50d1cbac27 -> 
  custom:video-encoder-webm-vp8: eb34c28f22e8b96e1ab97ce403110664 -> 
  custom:video-decoder-webm-vp8: 9c59270c3fd7afecdb556c50c9e8de78 -> 
  custom:audio-decoder-ogg-vorbis: bf7c407c2cedff20999df2af8eb42d56 -> 
  custom:audio-encoder-webm-vorbis: bf7c407c2cedff20999df2af8eb42d56 -> 
========================================================================
Received Import Request.
  path: Assets/Scenes/Character Selection Menu.unity
  artifactKey: Guid(d88da844d07162f428e89ef6f1c78bdd) Importer(815301076,1909f56bfc062723c751e8b465ee728b)
Start importing Assets/Scenes/Character Selection Menu.unity using Guid(d88da844d07162f428e89ef6f1c78bdd) Importer(815301076,1909f56bfc062723c751e8b465ee728b)  -> (artifact id: 'dab69f6a207e12a79d413433fc451188') in 0.016649 seconds 
  Import took 0.020120 seconds .

========================================================================
Received Import Request.
  Time since last request: 0.000221 seconds.
  path: Assets/Scenes/BrushSample.prefab
  artifactKey: Guid(69aab01b557df154e9526bbf2305fe58) Importer(815301076,1909f56bfc062723c751e8b465ee728b)
Start importing Assets/Scenes/BrushSample.prefab using Guid(69aab01b557df154e9526bbf2305fe58) Importer(815301076,1909f56bfc062723c751e8b465ee728b)  -> (artifact id: '41876f5a474b9cc8f2d44970ee74c65f') in 0.079296 seconds 
  Import took 0.082447 seconds .

========================================================================
Received Import Request.
  Time since last request: 0.000223 seconds.
  path: Assets/Scenes/Fondo.png
  artifactKey: Guid(52f63603578b6264e995338c3332e226) Importer(815301076,1909f56bfc062723c751e8b465ee728b)
Start importing Assets/Scenes/Fondo.png using Guid(52f63603578b6264e995338c3332e226) Importer(815301076,1909f56bfc062723c751e8b465ee728b)  -> (artifact id: 'a02563c036c8a8c1a1e1fb924b4c86fb') in 0.039662 seconds 
  Import took 0.042601 seconds .

========================================================================
Received Import Request.
  Time since last request: 0.000177 seconds.
  path: Assets/Scenes/PersonajeHombre1_78.prefab
  artifactKey: Guid(1e1e95a5ccfedc9489ed3556d0855bcf) Importer(815301076,1909f56bfc062723c751e8b465ee728b)
Start importing Assets/Scenes/PersonajeHombre1_78.prefab using Guid(1e1e95a5ccfedc9489ed3556d0855bcf) Importer(815301076,1909f56bfc062723c751e8b465ee728b)  -> (artifact id: '7069466b672a40e08e48d5c85c7e150f') in 0.072862 seconds 
  Import took 0.076323 seconds .

========================================================================
Received Prepare
Registering precompiled user dll's ...
Registered in 0.002742 seconds.
Begin MonoManager ReloadAssembly
Native extension for WindowsStandalone target not found
Refreshing native plugins compatible for Editor in 0.80 ms, found 3 plugins.
Preloading 0 native plugins for Editor in 0.00 ms.
Mono: successfully reloaded assembly
- Completed reload, in  0.939 seconds
Domain Reload Profiling:
	ReloadAssembly (939ms)
		BeginReloadAssembly (103ms)
			ExecutionOrderSort (0ms)
			DisableScriptedObjects (5ms)
			BackupInstance (0ms)
			ReleaseScriptingObjects (0ms)
			CreateAndSetChildDomain (37ms)
		EndReloadAssembly (783ms)
			LoadAssemblies (74ms)
			RebuildTransferFunctionScriptingTraits (0ms)
			SetupTypeCache (254ms)
			ReleaseScriptCaches (1ms)
			RebuildScriptCaches (39ms)
			SetupLoadedEditorAssemblies (319ms)
				LogAssemblyErrors (0ms)
				InitializePlatformSupportModulesInManaged (4ms)
				SetLoadedEditorAssemblies (0ms)
				RefreshPlugins (1ms)
				BeforeProcessingInitializeOnLoad (70ms)
				ProcessInitializeOnLoadAttributes (237ms)
				ProcessInitializeOnLoadMethodAttributes (5ms)
				AfterProcessingInitializeOnLoad (2ms)
				EditorAssembliesLoaded (0ms)
			ExecutionOrderSort2 (0ms)
			AwakeInstancesAfterBackupRestoration (10ms)
Platform modules already initialized, skipping
Refreshing native plugins compatible for Editor in 0.71 ms, found 3 plugins.
Preloading 0 native plugins for Editor in 0.00 ms.
Unloading 2196 Unused Serialized files (Serialized files now loaded: 0)
System memory in use before: 98.7 MB.
System memory in use after: 98.8 MB.

Unloading 29 unused Assets to reduce memory usage. Loaded Objects now: 2644.
Total: 3.434500 ms (FindLiveObjects: 0.247900 ms CreateObjectMapping: 0.047500 ms MarkObjects: 3.106600 ms  DeleteObjects: 0.031300 ms)

AssetImportParameters requested are different than current active one (requested -> active):
  custom:framework-win-MediaFoundation: 216162199b28c13a410421893ffa2e32 -> 
  custom:video-decoder-ogg-theora: a1e56fd34408186e4bbccfd4996cb3dc -> 
  custom:container-muxer-webm: aa71ff27fc2769a1b78a27578f13a17b -> 
  custom:container-demuxer-webm: 4f35f7cbe854078d1ac9338744f61a02 -> 
  custom:container-demuxer-ogg: 62fdf1f143b41e24485cea50d1cbac27 -> 
  custom:video-encoder-webm-vp8: eb34c28f22e8b96e1ab97ce403110664 -> 
  custom:video-decoder-webm-vp8: 9c59270c3fd7afecdb556c50c9e8de78 -> 
  custom:audio-decoder-ogg-vorbis: bf7c407c2cedff20999df2af8eb42d56 -> 
  custom:audio-encoder-webm-vorbis: bf7c407c2cedff20999df2af8eb42d56 -> 
========================================================================
Received Import Request.
  Time since last request: 5153.004159 seconds.
  path: Assets/Scenes/Lobby.unity
  artifactKey: Guid(2cda990e2423bbf4892e6590ba056729) Importer(815301076,1909f56bfc062723c751e8b465ee728b)
Start importing Assets/Scenes/Lobby.unity using Guid(2cda990e2423bbf4892e6590ba056729) Importer(815301076,1909f56bfc062723c751e8b465ee728b)  -> (artifact id: '4ffbeeaaadd59bbf0ee85778e3f0aa87') in 0.015654 seconds 
  Import took 0.020307 seconds .

========================================================================
Received Import Request.
  Time since last request: 566.084605 seconds.
  path: Assets/Character Selection Menu And Scene/Character Selection Scene.unity
  artifactKey: Guid(3d4d341b425d97f40888d18362b84685) Importer(815301076,1909f56bfc062723c751e8b465ee728b)
Start importing Assets/Character Selection Menu And Scene/Character Selection Scene.unity using Guid(3d4d341b425d97f40888d18362b84685) Importer(815301076,1909f56bfc062723c751e8b465ee728b)  -> (artifact id: '4a939881b00c86ea62d5651b8409e620') in 0.006009 seconds 
  Import took 0.009909 seconds .

========================================================================
Received Import Request.
  Time since last request: 40.785614 seconds.
  path: Assets/Scenes/EventSystem.prefab
  artifactKey: Guid(4ace24622281b7840bc5e7cc0ce7ec50) Importer(815301076,1909f56bfc062723c751e8b465ee728b)
Start importing Assets/Scenes/EventSystem.prefab using Guid(4ace24622281b7840bc5e7cc0ce7ec50) Importer(815301076,1909f56bfc062723c751e8b465ee728b)  -> (artifact id: 'e52514539f6b0a7e8bad9b78f0646f6f') in 0.021260 seconds 
  Import took 0.025144 seconds .

========================================================================
Received Import Request.
  Time since last request: 37.238257 seconds.
  path: Assets/Scenes/Character Selection Scene.unity
  artifactKey: Guid(3d4d341b425d97f40888d18362b84685) Importer(815301076,1909f56bfc062723c751e8b465ee728b)
Start importing Assets/Scenes/Character Selection Scene.unity using Guid(3d4d341b425d97f40888d18362b84685) Importer(815301076,1909f56bfc062723c751e8b465ee728b)  -> (artifact id: 'f08d77cda9e25efcbc93a44722f1607c') in 0.002099 seconds 
  Import took 0.005981 seconds .

========================================================================
Received Import Request.
  Time since last request: 4.210480 seconds.
  path: Assets/Scenes/Lobby.unity
  artifactKey: Guid(2cda990e2423bbf4892e6590ba056729) Importer(815301076,1909f56bfc062723c751e8b465ee728b)
Start importing Assets/Scenes/Lobby.unity using Guid(2cda990e2423bbf4892e6590ba056729) Importer(815301076,1909f56bfc062723c751e8b465ee728b)  -> (artifact id: '41ba209f043cf5de0b35ca4f044e48d1') in 0.002060 seconds 
  Import took 0.005474 seconds .

========================================================================
Received Import Request.
  Time since last request: 68.113647 seconds.
  path: Assets/Character Selection Menu And Scene/Assets/_.png
  artifactKey: Guid(03dda2889bb621e4985c911bc096f63c) Importer(815301076,1909f56bfc062723c751e8b465ee728b)
Start importing Assets/Character Selection Menu And Scene/Assets/_.png using Guid(03dda2889bb621e4985c911bc096f63c) Importer(815301076,1909f56bfc062723c751e8b465ee728b)  -> (artifact id: 'a8b076fd10b94ce1bca78d3710c1db64') in 0.050418 seconds 
  Import took 0.053983 seconds .

========================================================================
Received Import Request.
  Time since last request: 0.000160 seconds.
  path: Assets/Character Selection Menu And Scene/Assets/Mujer1.prefab
  artifactKey: Guid(2cbea4fb63846c44f959b0bcbca94c9c) Importer(815301076,1909f56bfc062723c751e8b465ee728b)
Start importing Assets/Character Selection Menu And Scene/Assets/Mujer1.prefab using Guid(2cbea4fb63846c44f959b0bcbca94c9c) Importer(815301076,1909f56bfc062723c751e8b465ee728b)  -> (artifact id: 'f31904669c6b9ffc576b14730d3568bb') in 0.033296 seconds 
  Import took 0.036595 seconds .

========================================================================
Received Import Request.
  Time since last request: 0.000194 seconds.
  path: Assets/Character Selection Menu And Scene/Assets/_ext.png
  artifactKey: Guid(5ffdb3797afdf8f43bc4bc60a6e5535d) Importer(815301076,1909f56bfc062723c751e8b465ee728b)
Start importing Assets/Character Selection Menu And Scene/Assets/_ext.png using Guid(5ffdb3797afdf8f43bc4bc60a6e5535d) Importer(815301076,1909f56bfc062723c751e8b465ee728b)  -> (artifact id: 'ddb7b75cd0abcbf051daac6dfdf46179') in 0.016518 seconds 
  Import took 0.019962 seconds .

========================================================================
Received Import Request.
  Time since last request: 0.000165 seconds.
  path: Assets/Character Selection Menu And Scene/Assets/_G.png
  artifactKey: Guid(fde71b88203f26c4a8e19bde4c51f43b) Importer(815301076,1909f56bfc062723c751e8b465ee728b)
Start importing Assets/Character Selection Menu And Scene/Assets/_G.png using Guid(fde71b88203f26c4a8e19bde4c51f43b) Importer(815301076,1909f56bfc062723c751e8b465ee728b)  -> (artifact id: '7db19c69a5466259d3740465283ff446') in 0.027232 seconds 
  Import took 0.030604 seconds .

========================================================================
Received Import Request.
  Time since last request: 0.000176 seconds.
  path: Assets/Character Selection Menu And Scene/Assets/Negrito_Salsa.prefab
  artifactKey: Guid(094076ea8200d264db0e9bfe2aa5cc9e) Importer(815301076,1909f56bfc062723c751e8b465ee728b)
Start importing Assets/Character Selection Menu And Scene/Assets/Negrito_Salsa.prefab using Guid(094076ea8200d264db0e9bfe2aa5cc9e) Importer(815301076,1909f56bfc062723c751e8b465ee728b)  -> (artifact id: '8f8d21579de51b2cddc483878ae3ce2e') in 0.014206 seconds 
  Import took 0.017397 seconds .

========================================================================
Received Import Request.
  Time since last request: 0.000222 seconds.
  path: Assets/Character Selection Menu And Scene/Assets/_G.png
  artifactKey: Guid(fde71b88203f26c4a8e19bde4c51f43b) Importer(815301076,1909f56bfc062723c751e8b465ee728b)
Start importing Assets/Character Selection Menu And Scene/Assets/_G.png using Guid(fde71b88203f26c4a8e19bde4c51f43b) Importer(815301076,1909f56bfc062723c751e8b465ee728b)  -> (artifact id: '7db19c69a5466259d3740465283ff446') in 0.015527 seconds 
  Import took 0.019421 seconds .

========================================================================
Received Import Request.
  Time since last request: 0.000197 seconds.
  path: Assets/Character Selection Menu And Scene/Assets/boy-spriteseet.png
  artifactKey: Guid(5012312492d2dd1498dbd95af1154004) Importer(815301076,1909f56bfc062723c751e8b465ee728b)
Start importing Assets/Character Selection Menu And Scene/Assets/boy-spriteseet.png using Guid(5012312492d2dd1498dbd95af1154004) Importer(815301076,1909f56bfc062723c751e8b465ee728b)  -> (artifact id: 'b9ed74fda75cafe506ed08042d0f3999') in 0.130171 seconds 
  Import took 0.134051 seconds .

========================================================================
Received Import Request.
  Time since last request: 0.000157 seconds.
  path: Assets/Character Selection Menu And Scene/Assets/Mujer2.prefab
  artifactKey: Guid(bade0c57c79b82e41987581aba76c30a) Importer(815301076,1909f56bfc062723c751e8b465ee728b)
Start importing Assets/Character Selection Menu And Scene/Assets/Mujer2.prefab using Guid(bade0c57c79b82e41987581aba76c30a) Importer(815301076,1909f56bfc062723c751e8b465ee728b)  -> (artifact id: '44f0aa82c1f17bdf4c568e847cfa18c3') in 0.012263 seconds 
  Import took 0.015724 seconds .

========================================================================
Received Import Request.
  Time since last request: 0.000178 seconds.
  path: Assets/Character Selection Menu And Scene/Assets/_.png
  artifactKey: Guid(03dda2889bb621e4985c911bc096f63c) Importer(815301076,1909f56bfc062723c751e8b465ee728b)
Start importing Assets/Character Selection Menu And Scene/Assets/_.png using Guid(03dda2889bb621e4985c911bc096f63c) Importer(815301076,1909f56bfc062723c751e8b465ee728b)  -> (artifact id: 'a8b076fd10b94ce1bca78d3710c1db64') in 0.012278 seconds 
  Import took 0.015966 seconds .

========================================================================
Received Import Request.
  Time since last request: 0.000165 seconds.
  path: Assets/Character Selection Menu And Scene/Assets/girl-spriteseet.png
  artifactKey: Guid(332ab1c6ce165194e9e1b2466b63614f) Importer(815301076,1909f56bfc062723c751e8b465ee728b)
Start importing Assets/Character Selection Menu And Scene/Assets/girl-spriteseet.png using Guid(332ab1c6ce165194e9e1b2466b63614f) Importer(815301076,1909f56bfc062723c751e8b465ee728b)  -> (artifact id: '5e0d1757cfb2622850d39b40e733122b') in 0.179882 seconds 
  Import took 0.183465 seconds .

========================================================================
Received Import Request.
  Time since last request: 0.000170 seconds.
  path: Assets/Character Selection Menu And Scene/Assets/_tart.png
  artifactKey: Guid(02736ebd9f003b14a8ad8b9c660df485) Importer(815301076,1909f56bfc062723c751e8b465ee728b)
Start importing Assets/Character Selection Menu And Scene/Assets/_tart.png using Guid(02736ebd9f003b14a8ad8b9c660df485) Importer(815301076,1909f56bfc062723c751e8b465ee728b)  -> (artifact id: '211f87086d55156b99218351149cd9b1') in 0.013822 seconds 
  Import took 0.017023 seconds .

========================================================================
Received Import Request.
  Time since last request: 0.000213 seconds.
  path: Assets/Character Selection Menu And Scene/Assets/Personaje1.prefab
  artifactKey: Guid(7cc7064aef2a7b345a65f5ab487b7e87) Importer(815301076,1909f56bfc062723c751e8b465ee728b)
Start importing Assets/Character Selection Menu And Scene/Assets/Personaje1.prefab using Guid(7cc7064aef2a7b345a65f5ab487b7e87) Importer(815301076,1909f56bfc062723c751e8b465ee728b)  -> (artifact id: 'b352e3d976e070a1dd07e62915924b03') in 0.018837 seconds 
  Import took 0.021993 seconds .

========================================================================
Received Import Request.
  Time since last request: 0.000175 seconds.
  path: Assets/Character Selection Menu And Scene/Assets/dino-spritesheet.png
  artifactKey: Guid(a8ebf0cb1d29f4842b69cf2c234db471) Importer(815301076,1909f56bfc062723c751e8b465ee728b)
Start importing Assets/Character Selection Menu And Scene/Assets/dino-spritesheet.png using Guid(a8ebf0cb1d29f4842b69cf2c234db471) Importer(815301076,1909f56bfc062723c751e8b465ee728b)  -> (artifact id: '9ff21f10dbbd6a08c60f868b2002dac6') in 0.095343 seconds 
  Import took 0.098668 seconds .

========================================================================
Received Import Request.
  Time since last request: 0.002864 seconds.
  path: Assets/Character Selection Menu And Scene/Assets/dino-spritesheet.png
  artifactKey: Guid(a8ebf0cb1d29f4842b69cf2c234db471) Importer(815301076,1909f56bfc062723c751e8b465ee728b)
Start importing Assets/Character Selection Menu And Scene/Assets/dino-spritesheet.png using Guid(a8ebf0cb1d29f4842b69cf2c234db471) Importer(815301076,1909f56bfc062723c751e8b465ee728b)  -> (artifact id: '9ff21f10dbbd6a08c60f868b2002dac6') in 0.086535 seconds 
  Import took 0.090976 seconds .

========================================================================
Received Import Request.
  Time since last request: 22.351607 seconds.
  path: Assets/Characters/El negrito de la salsa.png
  artifactKey: Guid(0c8deae6cf307ef428b42c0c2647485a) Importer(815301076,1909f56bfc062723c751e8b465ee728b)
Start importing Assets/Characters/El negrito de la salsa.png using Guid(0c8deae6cf307ef428b42c0c2647485a) Importer(815301076,1909f56bfc062723c751e8b465ee728b)  -> (artifact id: '5bc0ae04a630de8bca1e351b88ad5dc0') in 0.386194 seconds 
  Import took 0.390477 seconds .

========================================================================
Received Import Request.
  Time since last request: 0.000199 seconds.
  path: Assets/Characters/Mujer 1.png
  artifactKey: Guid(3aa09e10856f54a4abb52649a31fde9b) Importer(815301076,1909f56bfc062723c751e8b465ee728b)
Start importing Assets/Characters/Mujer 1.png using Guid(3aa09e10856f54a4abb52649a31fde9b) Importer(815301076,1909f56bfc062723c751e8b465ee728b)  -> (artifact id: 'f8a149b464556ac9ffcd33b6dfde439e') in 0.327944 seconds 
  Import took 0.331664 seconds .

========================================================================
Received Import Request.
  Time since last request: 0.000154 seconds.
  path: Assets/Characters/Mujer 2.png
  artifactKey: Guid(355d47d11c94d2c488de47b06e8a6179) Importer(815301076,1909f56bfc062723c751e8b465ee728b)
Start importing Assets/Characters/Mujer 2.png using Guid(355d47d11c94d2c488de47b06e8a6179) Importer(815301076,1909f56bfc062723c751e8b465ee728b)  -> (artifact id: 'd635b923e38b1c9d8d535ecc33196f2c') in 0.378449 seconds 
  Import took 0.382071 seconds .

========================================================================
Received Import Request.
  Time since last request: 0.000190 seconds.
  path: Assets/Characters/PersonajeHombre1.png
  artifactKey: Guid(4d2ce71fb989faf4f9d3d505eed54114) Importer(815301076,1909f56bfc062723c751e8b465ee728b)
Start importing Assets/Characters/PersonajeHombre1.png using Guid(4d2ce71fb989faf4f9d3d505eed54114) Importer(815301076,1909f56bfc062723c751e8b465ee728b)  -> (artifact id: '43905208dc1e93b3ddd16960c63c6831') in 0.353768 seconds 
  Import took 0.357418 seconds .

========================================================================
Received Import Request.
  Time since last request: 6.415453 seconds.
  path: Assets/Characters
  artifactKey: Guid(cdf3d8208cac53943ba71a6407fc0ea0) Importer(815301076,1909f56bfc062723c751e8b465ee728b)
Start importing Assets/Characters using Guid(cdf3d8208cac53943ba71a6407fc0ea0) Importer(815301076,1909f56bfc062723c751e8b465ee728b)  -> (artifact id: '03abd83b1c18669cefcca80dd2a9b026') in 0.005880 seconds 
  Import took 0.009533 seconds .

========================================================================
Received Import Request.
  Time since last request: 2.685685 seconds.
  path: Assets/Character Selection Menu And Scene
  artifactKey: Guid(5242c2a92e552a0438d5d56561c51d4d) Importer(815301076,1909f56bfc062723c751e8b465ee728b)
Start importing Assets/Character Selection Menu And Scene using Guid(5242c2a92e552a0438d5d56561c51d4d) Importer(815301076,1909f56bfc062723c751e8b465ee728b)  -> (artifact id: '24aacf269aae0282ec55be8d0d4f6d1c') in 0.005607 seconds 
  Import took 0.009329 seconds .

========================================================================
Received Import Request.
  Time since last request: 37.231847 seconds.
  path: Assets/Cainos/Pixel Art Top Down - Basic
  artifactKey: Guid(16e6903942d9bf94d9dd684620613d02) Importer(815301076,1909f56bfc062723c751e8b465ee728b)
Start importing Assets/Cainos/Pixel Art Top Down - Basic using Guid(16e6903942d9bf94d9dd684620613d02) Importer(815301076,1909f56bfc062723c751e8b465ee728b)  -> (artifact id: '021a6638c961ad95b6514434c89ba980') in 0.006622 seconds 
  Import took 0.010234 seconds .

========================================================================
Received Import Request.
  Time since last request: 3.299141 seconds.
  path: Assets/Cainos/Pixel Art Top Down - Basic/Scene
  artifactKey: Guid(5f41ae091d9f7be4798cc5dbc7f22d83) Importer(815301076,1909f56bfc062723c751e8b465ee728b)
Start importing Assets/Cainos/Pixel Art Top Down - Basic/Scene using Guid(5f41ae091d9f7be4798cc5dbc7f22d83) Importer(815301076,1909f56bfc062723c751e8b465ee728b)  -> (artifact id: '3d2ee4e035f223eea66787d0ac369bad') in 0.005315 seconds 
  Import took 0.008986 seconds .

========================================================================
Received Import Request.
  Time since last request: 2.545870 seconds.
  path: Assets/Cainos/Pixel Art Top Down - Basic/Material/MT Rune Glow.mat
  artifactKey: Guid(61b89fe75af132249ba5700ee0334a72) Importer(815301076,1909f56bfc062723c751e8b465ee728b)
Start importing Assets/Cainos/Pixel Art Top Down - Basic/Material/MT Rune Glow.mat using Guid(61b89fe75af132249ba5700ee0334a72) Importer(815301076,1909f56bfc062723c751e8b465ee728b)  -> (artifact id: '1ba5e73811307c71a976b5287001c35f') in 0.044883 seconds 
  Import took 0.048646 seconds .

========================================================================
Received Import Request.
  Time since last request: 0.000163 seconds.
  path: Assets/Cainos/Pixel Art Top Down - Basic/Material/MT Sprite.mat
  artifactKey: Guid(a9f84881abde25b48904c0ff67bca145) Importer(815301076,1909f56bfc062723c751e8b465ee728b)
Start importing Assets/Cainos/Pixel Art Top Down - Basic/Material/MT Sprite.mat using Guid(a9f84881abde25b48904c0ff67bca145) Importer(815301076,1909f56bfc062723c751e8b465ee728b)  -> (artifact id: '40b89bfa5d315618f7f3e8788e1d2315') in 0.010279 seconds 
  Import took 0.014258 seconds .

========================================================================
Received Import Request.
  Time since last request: 0.000173 seconds.
  path: Assets/Cainos/Pixel Art Top Down - Basic/Material/MT Shadow.mat
  artifactKey: Guid(6f3f1f0060a4d6a4980ea3283643fbdd) Importer(815301076,1909f56bfc062723c751e8b465ee728b)
Start importing Assets/Cainos/Pixel Art Top Down - Basic/Material/MT Shadow.mat using Guid(6f3f1f0060a4d6a4980ea3283643fbdd) Importer(815301076,1909f56bfc062723c751e8b465ee728b)  -> (artifact id: '0a2edc8149e2970d8571a948cb8c07b9') in 0.030754 seconds 
  Import took 0.034136 seconds .

========================================================================
Received Import Request.
  Time since last request: 1.454643 seconds.
  path: Assets/Cainos/Pixel Art Top Down - Basic/Preset/Tags & Layers - Pixel Art Top Down - Basic.preset
  artifactKey: Guid(9c251c5594f708844890276e5d8b709a) Importer(815301076,1909f56bfc062723c751e8b465ee728b)
Start importing Assets/Cainos/Pixel Art Top Down - Basic/Preset/Tags & Layers - Pixel Art Top Down - Basic.preset using Guid(9c251c5594f708844890276e5d8b709a) Importer(815301076,1909f56bfc062723c751e8b465ee728b)  -> (artifact id: 'bcb8b1b16242598e6b104ab2c38db950') in 0.007632 seconds 
  Import took 0.011264 seconds .

========================================================================
Received Import Request.
  Time since last request: 1.546258 seconds.
  path: Assets/Cainos/Pixel Art Top Down - Basic/Texture/TX Plant.png
  artifactKey: Guid(c3a40e1c46727b94e959990527f8e7fa) Importer(815301076,1909f56bfc062723c751e8b465ee728b)
Start importing Assets/Cainos/Pixel Art Top Down - Basic/Texture/TX Plant.png using Guid(c3a40e1c46727b94e959990527f8e7fa) Importer(815301076,1909f56bfc062723c751e8b465ee728b)  -> (artifact id: 'c844930fb469709c25d861641967cb31') in 0.072678 seconds 
  Import took 0.076723 seconds .

========================================================================
Received Import Request.
  Time since last request: 0.000160 seconds.
  path: Assets/Cainos/Pixel Art Top Down - Basic/Texture/TX Struct.png
  artifactKey: Guid(dda6bbdb704d84847b38f9eced72bf59) Importer(815301076,1909f56bfc062723c751e8b465ee728b)
Start importing Assets/Cainos/Pixel Art Top Down - Basic/Texture/TX Struct.png using Guid(dda6bbdb704d84847b38f9eced72bf59) Importer(815301076,1909f56bfc062723c751e8b465ee728b)  -> (artifact id: '84b115de4624a1db8ed66ab31754868a') in 0.052250 seconds 
  Import took 0.055442 seconds .

========================================================================
Received Import Request.
  Time since last request: 0.000217 seconds.
  path: Assets/Cainos/Pixel Art Top Down - Basic/Texture/TX Tileset Grass.png
  artifactKey: Guid(1c9ed9d1200c29d4cbfd2071028c1cd5) Importer(815301076,1909f56bfc062723c751e8b465ee728b)
Start importing Assets/Cainos/Pixel Art Top Down - Basic/Texture/TX Tileset Grass.png using Guid(1c9ed9d1200c29d4cbfd2071028c1cd5) Importer(815301076,1909f56bfc062723c751e8b465ee728b)  -> (artifact id: '02b5da2003a7ae0d7974f6cddcc94ecb') in 0.098077 seconds 
  Import took 0.101749 seconds .

========================================================================
Received Import Request.
  Time since last request: 0.000156 seconds.
  path: Assets/Cainos/Pixel Art Top Down - Basic/Texture/TX Tileset Stone Ground.png
  artifactKey: Guid(a07735877a3bd644094331b137b71878) Importer(815301076,1909f56bfc062723c751e8b465ee728b)
Start importing Assets/Cainos/Pixel Art Top Down - Basic/Texture/TX Tileset Stone Ground.png using Guid(a07735877a3bd644094331b137b71878) Importer(815301076,1909f56bfc062723c751e8b465ee728b)  -> (artifact id: '2d1120ba60e3c44ae48bb967e010a828') in 0.105973 seconds 
  Import took 0.109345 seconds .

========================================================================
Received Import Request.
  Time since last request: 0.000201 seconds.
  path: Assets/Cainos/Pixel Art Top Down - Basic/Texture/TX Tileset Wall.png
  artifactKey: Guid(9f8f114589864b6489859a58fbb6baf9) Importer(815301076,1909f56bfc062723c751e8b465ee728b)
Start importing Assets/Cainos/Pixel Art Top Down - Basic/Texture/TX Tileset Wall.png using Guid(9f8f114589864b6489859a58fbb6baf9) Importer(815301076,1909f56bfc062723c751e8b465ee728b)  -> (artifact id: '2656aac8386f1bd02f2bd76770bcb6ea') in 0.095514 seconds 
  Import took 0.098795 seconds .

========================================================================
Received Import Request.
  Time since last request: 0.000181 seconds.
  path: Assets/Cainos/Pixel Art Top Down - Basic/Tile Palette/TP Grass.prefab
  artifactKey: Guid(02a081c3d25f8e54396b0c278f77e6f6) Importer(815301076,1909f56bfc062723c751e8b465ee728b)
Start importing Assets/Cainos/Pixel Art Top Down - Basic/Tile Palette/TP Grass.prefab using Guid(02a081c3d25f8e54396b0c278f77e6f6) Importer(815301076,1909f56bfc062723c751e8b465ee728b)  -> (artifact id: '78d1dd8d1bf6d06ab21cd4bdf17ad57c') in 0.022277 seconds 
  Import took 0.025880 seconds .

========================================================================
Received Import Request.
  Time since last request: 0.000158 seconds.
  path: Assets/Cainos/Pixel Art Top Down - Basic/Texture/TX Shadow Plant.png
  artifactKey: Guid(8501e10b1eafde34586080ba342fdc0e) Importer(815301076,1909f56bfc062723c751e8b465ee728b)
Start importing Assets/Cainos/Pixel Art Top Down - Basic/Texture/TX Shadow Plant.png using Guid(8501e10b1eafde34586080ba342fdc0e) Importer(815301076,1909f56bfc062723c751e8b465ee728b)  -> (artifact id: 'c03d359b07220c54a03d59536559a33a') in 0.032560 seconds 
  Import took 0.035656 seconds .

========================================================================
Received Import Request.
  Time since last request: 0.000162 seconds.
  path: Assets/Cainos/Pixel Art Top Down - Basic/Texture/TX Player.png
  artifactKey: Guid(ec47f75fe8aff1644ac73998f4ad31b5) Importer(815301076,1909f56bfc062723c751e8b465ee728b)
Start importing Assets/Cainos/Pixel Art Top Down - Basic/Texture/TX Player.png using Guid(ec47f75fe8aff1644ac73998f4ad31b5) Importer(815301076,1909f56bfc062723c751e8b465ee728b)  -> (artifact id: '69e7364848bdf03229ca0c7953e19943') in 0.019444 seconds 
  Import took 0.022559 seconds .

========================================================================
Received Import Request.
  Time since last request: 0.000154 seconds.
  path: Assets/Cainos/Pixel Art Top Down - Basic/Texture/TX Shadow.png
  artifactKey: Guid(ed7554aeefd5da44a9fe1ee9b93afe77) Importer(815301076,1909f56bfc062723c751e8b465ee728b)
Start importing Assets/Cainos/Pixel Art Top Down - Basic/Texture/TX Shadow.png using Guid(ed7554aeefd5da44a9fe1ee9b93afe77) Importer(815301076,1909f56bfc062723c751e8b465ee728b)  -> (artifact id: '30f96b6652a08b1c63929defd95f7f97') in 0.102731 seconds 
  Import took 0.106096 seconds .

========================================================================
Received Import Request.
  Time since last request: 0.000173 seconds.
  path: Assets/Cainos/Pixel Art Top Down - Basic/Tile Palette/TP Wall.prefab
  artifactKey: Guid(8d8700121f1eb2c4abda7e8a3dafab76) Importer(815301076,1909f56bfc062723c751e8b465ee728b)
Start importing Assets/Cainos/Pixel Art Top Down - Basic/Tile Palette/TP Wall.prefab using Guid(8d8700121f1eb2c4abda7e8a3dafab76) Importer(815301076,1909f56bfc062723c751e8b465ee728b)  -> (artifact id: 'fce39af010b95a8e206de7ff171f2eab') in 0.025467 seconds 
  Import took 0.029168 seconds .

========================================================================
Received Import Request.
  Time since last request: 0.000184 seconds.
  path: Assets/Cainos/Pixel Art Top Down - Basic/Texture/TX Props.png
  artifactKey: Guid(29c9cded5e558164aaf8c9bf08aa1510) Importer(815301076,1909f56bfc062723c751e8b465ee728b)
Start importing Assets/Cainos/Pixel Art Top Down - Basic/Texture/TX Props.png using Guid(29c9cded5e558164aaf8c9bf08aa1510) Importer(815301076,1909f56bfc062723c751e8b465ee728b)  -> (artifact id: 'ee67757ea945d275e60d64d8fc02b1f9') in 0.182423 seconds 
  Import took 0.185929 seconds .

========================================================================
Received Import Request.
  Time since last request: 0.000171 seconds.
  path: Assets/Cainos/Pixel Art Top Down - Basic/Tile Palette/TP Stone Ground.prefab
  artifactKey: Guid(d4e83863d09313942bd8054738fe5a22) Importer(815301076,1909f56bfc062723c751e8b465ee728b)
Start importing Assets/Cainos/Pixel Art Top Down - Basic/Tile Palette/TP Stone Ground.prefab using Guid(d4e83863d09313942bd8054738fe5a22) Importer(815301076,1909f56bfc062723c751e8b465ee728b)  -> (artifact id: '90608ab8c12867b56c7246d9fba5e3c3') in 0.021118 seconds 
  Import took 0.024646 seconds .

========================================================================
Received Import Request.
  Time since last request: 11.460488 seconds.
  path: Assets/FreeDraw/Art
  artifactKey: Guid(f322c85a52e4a754fb7346de27dfbcba) Importer(815301076,1909f56bfc062723c751e8b465ee728b)
Start importing Assets/FreeDraw/Art using Guid(f322c85a52e4a754fb7346de27dfbcba) Importer(815301076,1909f56bfc062723c751e8b465ee728b)  -> (artifact id: '341bfa6ae079faa0c8ef68a4244825d6') in 0.005627 seconds 
  Import took 0.009506 seconds .

========================================================================
Received Import Request.
  Time since last request: 0.066287 seconds.
  path: Assets/FreeDraw/Art/BlueMarker.png
  artifactKey: Guid(ceaa26d7f0d0c7f4e93f6716e82b047c) Importer(815301076,1909f56bfc062723c751e8b465ee728b)
Start importing Assets/FreeDraw/Art/BlueMarker.png using Guid(ceaa26d7f0d0c7f4e93f6716e82b047c) Importer(815301076,1909f56bfc062723c751e8b465ee728b)  -> (artifact id: 'c645e0e4e831c2a5deac0a46e1dcc57f') in 0.015750 seconds 
  Import took 0.019554 seconds .

========================================================================
Received Import Request.
  Time since last request: 0.000151 seconds.
  path: Assets/FreeDraw/Art/RedMarker.png
  artifactKey: Guid(3ec8a00ba44542d438e2c23d01a413d2) Importer(815301076,1909f56bfc062723c751e8b465ee728b)
Start importing Assets/FreeDraw/Art/RedMarker.png using Guid(3ec8a00ba44542d438e2c23d01a413d2) Importer(815301076,1909f56bfc062723c751e8b465ee728b)  -> (artifact id: '8f521ecb5f845a51669fb28d71767f48') in 0.013366 seconds 
  Import took 0.016519 seconds .

========================================================================
Received Import Request.
  Time since last request: 0.000160 seconds.
  path: Assets/FreeDraw/Art/GreenMarker.png
  artifactKey: Guid(641dfc3ece306034e919b2fe9b7723bd) Importer(815301076,1909f56bfc062723c751e8b465ee728b)
Start importing Assets/FreeDraw/Art/GreenMarker.png using Guid(641dfc3ece306034e919b2fe9b7723bd) Importer(815301076,1909f56bfc062723c751e8b465ee728b)  -> (artifact id: '0277bc316c6c53eae75647a5ffbcc8f5') in 0.018518 seconds 
  Import took 0.021896 seconds .

========================================================================
Received Import Request.
  Time since last request: 0.000163 seconds.
  path: Assets/FreeDraw/Art/Eraser.png
  artifactKey: Guid(9e1521f797ddd944381a0ce312a3df76) Importer(815301076,1909f56bfc062723c751e8b465ee728b)
Start importing Assets/FreeDraw/Art/Eraser.png using Guid(9e1521f797ddd944381a0ce312a3df76) Importer(815301076,1909f56bfc062723c751e8b465ee728b)  -> (artifact id: 'd26ca5f0571fff5e47bd36b5f8cd3feb') in 0.012732 seconds 
  Import took 0.015996 seconds .

========================================================================
Received Import Request.
  Time since last request: 0.000183 seconds.
  path: Assets/FreeDraw/Art/ReadWriteEnabledImage.png
  artifactKey: Guid(a33b8a6cf583c534b83219b0504884d0) Importer(815301076,1909f56bfc062723c751e8b465ee728b)
Start importing Assets/FreeDraw/Art/ReadWriteEnabledImage.png using Guid(a33b8a6cf583c534b83219b0504884d0) Importer(815301076,1909f56bfc062723c751e8b465ee728b)  -> (artifact id: '669afbacff1c2435a63610146890a08a') in 0.015077 seconds 
  Import took 0.018886 seconds .

========================================================================
Received Import Request.
  Time since last request: 27.054479 seconds.
  path: Assets/Characters/Mujer1.prefab
  artifactKey: Guid(2cbea4fb63846c44f959b0bcbca94c9c) Importer(815301076,1909f56bfc062723c751e8b465ee728b)
Start importing Assets/Characters/Mujer1.prefab using Guid(2cbea4fb63846c44f959b0bcbca94c9c) Importer(815301076,1909f56bfc062723c751e8b465ee728b)  -> (artifact id: '25d28c6ef086d9d746db5453ac79fe18') in 0.009928 seconds 
  Import took 0.013798 seconds .

========================================================================
Received Import Request.
  Time since last request: 0.000170 seconds.
  path: Assets/Characters/Negrito_Salsa.prefab
  artifactKey: Guid(094076ea8200d264db0e9bfe2aa5cc9e) Importer(815301076,1909f56bfc062723c751e8b465ee728b)
Start importing Assets/Characters/Negrito_Salsa.prefab using Guid(094076ea8200d264db0e9bfe2aa5cc9e) Importer(815301076,1909f56bfc062723c751e8b465ee728b)  -> (artifact id: '7a79fbc65f62e003d34affdb045940a7') in 0.010335 seconds 
  Import took 0.013707 seconds .

========================================================================
Received Import Request.
  Time since last request: 0.000252 seconds.
  path: Assets/Characters/Mujer2.prefab
  artifactKey: Guid(bade0c57c79b82e41987581aba76c30a) Importer(815301076,1909f56bfc062723c751e8b465ee728b)
Start importing Assets/Characters/Mujer2.prefab using Guid(bade0c57c79b82e41987581aba76c30a) Importer(815301076,1909f56bfc062723c751e8b465ee728b)  -> (artifact id: '724c0d293aa2607a0ed86ed2305bf7c3') in 0.007858 seconds 
  Import took 0.011684 seconds .

========================================================================
Received Import Request.
  Time since last request: 0.000230 seconds.
  path: Assets/Characters/Personaje1.prefab
  artifactKey: Guid(7cc7064aef2a7b345a65f5ab487b7e87) Importer(815301076,1909f56bfc062723c751e8b465ee728b)
Start importing Assets/Characters/Personaje1.prefab using Guid(7cc7064aef2a7b345a65f5ab487b7e87) Importer(815301076,1909f56bfc062723c751e8b465ee728b)  -> (artifact id: '86409982821e16b3063dc21ab7f66786') in 0.008899 seconds 
  Import took 0.012322 seconds .

========================================================================
Received Import Request.
  Time since last request: 11.887784 seconds.
  path: Assets/Characters/Mujer1.prefab
  artifactKey: Guid(2cbea4fb63846c44f959b0bcbca94c9c) Importer(815301076,1909f56bfc062723c751e8b465ee728b)
Start importing Assets/Characters/Mujer1.prefab using Guid(2cbea4fb63846c44f959b0bcbca94c9c) Importer(815301076,1909f56bfc062723c751e8b465ee728b)  -> (artifact id: 'c392c909522dcdbca8fd78ba44b9a076') in 0.014894 seconds 
  Import took 0.019140 seconds .

========================================================================
Received Import Request.
  Time since last request: 20.344559 seconds.
  path: Assets/Characters/Mujer2.prefab
  artifactKey: Guid(bade0c57c79b82e41987581aba76c30a) Importer(815301076,1909f56bfc062723c751e8b465ee728b)
Start importing Assets/Characters/Mujer2.prefab using Guid(bade0c57c79b82e41987581aba76c30a) Importer(815301076,1909f56bfc062723c751e8b465ee728b)  -> (artifact id: '6b90f412d752497243013b75fd24b2ba') in 0.009183 seconds 
  Import took 0.013315 seconds .

========================================================================
Received Import Request.
  Time since last request: 0.005538 seconds.
  path: Assets/Characters/Mujer2.prefab
  artifactKey: Guid(bade0c57c79b82e41987581aba76c30a) Importer(815301076,1909f56bfc062723c751e8b465ee728b)
Start importing Assets/Characters/Mujer2.prefab using Guid(bade0c57c79b82e41987581aba76c30a) Importer(815301076,1909f56bfc062723c751e8b465ee728b)  -> (artifact id: '6b90f412d752497243013b75fd24b2ba') in 0.008997 seconds 
  Import took 0.013013 seconds .

========================================================================
Received Import Request.
  Time since last request: 16.919897 seconds.
  path: Assets/Characters/Negrito_Salsa.prefab
  artifactKey: Guid(094076ea8200d264db0e9bfe2aa5cc9e) Importer(815301076,1909f56bfc062723c751e8b465ee728b)
Start importing Assets/Characters/Negrito_Salsa.prefab using Guid(094076ea8200d264db0e9bfe2aa5cc9e) Importer(815301076,1909f56bfc062723c751e8b465ee728b)  -> (artifact id: 'e98b0d5746152fd1eebde8518d8cc4b8') in 0.014691 seconds 
  Import took 0.018691 seconds .

========================================================================
Received Import Request.
  Time since last request: 0.004185 seconds.
  path: Assets/Characters/Negrito_Salsa.prefab
  artifactKey: Guid(094076ea8200d264db0e9bfe2aa5cc9e) Importer(815301076,1909f56bfc062723c751e8b465ee728b)
Start importing Assets/Characters/Negrito_Salsa.prefab using Guid(094076ea8200d264db0e9bfe2aa5cc9e) Importer(815301076,1909f56bfc062723c751e8b465ee728b)  -> (artifact id: 'e98b0d5746152fd1eebde8518d8cc4b8') in 0.009183 seconds 
  Import took 0.012805 seconds .

========================================================================
Received Import Request.
  Time since last request: 13.370063 seconds.
  path: Assets/Characters/Personaje1.prefab
  artifactKey: Guid(7cc7064aef2a7b345a65f5ab487b7e87) Importer(815301076,1909f56bfc062723c751e8b465ee728b)
Start importing Assets/Characters/Personaje1.prefab using Guid(7cc7064aef2a7b345a65f5ab487b7e87) Importer(815301076,1909f56bfc062723c751e8b465ee728b)  -> (artifact id: 'a431eee41f44f4d3da3e6241360eccf4') in 0.014432 seconds 
  Import took 0.018320 seconds .

========================================================================
Received Import Request.
  Time since last request: 0.001615 seconds.
  path: Assets/Characters/Personaje1.prefab
  artifactKey: Guid(7cc7064aef2a7b345a65f5ab487b7e87) Importer(815301076,1909f56bfc062723c751e8b465ee728b)
Start importing Assets/Characters/Personaje1.prefab using Guid(7cc7064aef2a7b345a65f5ab487b7e87) Importer(815301076,1909f56bfc062723c751e8b465ee728b)  -> (artifact id: 'a431eee41f44f4d3da3e6241360eccf4') in 0.010677 seconds 
  Import took 0.014642 seconds .

========================================================================
Received Import Request.
  Time since last request: 20.829623 seconds.
  path: Assets/Characters/PersonajeHombre1_78 1.controller
  artifactKey: Guid(1937652e84040524db8795d7df5c32b3) Importer(815301076,1909f56bfc062723c751e8b465ee728b)
Start importing Assets/Characters/PersonajeHombre1_78 1.controller using Guid(1937652e84040524db8795d7df5c32b3) Importer(815301076,1909f56bfc062723c751e8b465ee728b)  -> (artifact id: 'd898b88eb8291376c4c21d80f7c3919d') in 0.010240 seconds 
  Import took 0.014136 seconds .

========================================================================
Received Import Request.
  Time since last request: 1.943035 seconds.
  path: Assets/Characters/PersonajeHombre1_78.controller
  artifactKey: Guid(44be6e8d780da5c4c8ba160688ad496e) Importer(815301076,1909f56bfc062723c751e8b465ee728b)
Start importing Assets/Characters/PersonajeHombre1_78.controller using Guid(44be6e8d780da5c4c8ba160688ad496e) Importer(815301076,1909f56bfc062723c751e8b465ee728b)  -> (artifact id: '386217dd9b467351e0df5e7855985657') in 0.002724 seconds 
  Import took 0.006436 seconds .

========================================================================
Received Prepare
Registering precompiled user dll's ...
Registered in 0.002793 seconds.
Begin MonoManager ReloadAssembly
Native extension for WindowsStandalone target not found
Refreshing native plugins compatible for Editor in 0.77 ms, found 3 plugins.
Preloading 0 native plugins for Editor in 0.00 ms.
Mono: successfully reloaded assembly
- Completed reload, in  0.920 seconds
Domain Reload Profiling:
	ReloadAssembly (921ms)
		BeginReloadAssembly (106ms)
			ExecutionOrderSort (0ms)
			DisableScriptedObjects (5ms)
			BackupInstance (0ms)
			ReleaseScriptingObjects (0ms)
			CreateAndSetChildDomain (35ms)
		EndReloadAssembly (763ms)
			LoadAssemblies (73ms)
			RebuildTransferFunctionScriptingTraits (0ms)
			SetupTypeCache (244ms)
			ReleaseScriptCaches (1ms)
			RebuildScriptCaches (38ms)
			SetupLoadedEditorAssemblies (317ms)
				LogAssemblyErrors (0ms)
				InitializePlatformSupportModulesInManaged (4ms)
				SetLoadedEditorAssemblies (0ms)
				RefreshPlugins (1ms)
				BeforeProcessingInitializeOnLoad (73ms)
				ProcessInitializeOnLoadAttributes (232ms)
				ProcessInitializeOnLoadMethodAttributes (5ms)
				AfterProcessingInitializeOnLoad (2ms)
				EditorAssembliesLoaded (0ms)
			ExecutionOrderSort2 (0ms)
			AwakeInstancesAfterBackupRestoration (10ms)
Platform modules already initialized, skipping
Refreshing native plugins compatible for Editor in 0.70 ms, found 3 plugins.
Preloading 0 native plugins for Editor in 0.00 ms.
Unloading 2196 Unused Serialized files (Serialized files now loaded: 0)
System memory in use before: 100.2 MB.
System memory in use after: 100.4 MB.

Unloading 29 unused Assets to reduce memory usage. Loaded Objects now: 3189.
Total: 3.212600 ms (FindLiveObjects: 0.340100 ms CreateObjectMapping: 0.063100 ms MarkObjects: 2.789000 ms  DeleteObjects: 0.019100 ms)

AssetImportParameters requested are different than current active one (requested -> active):
  custom:framework-win-MediaFoundation: 216162199b28c13a410421893ffa2e32 -> 
  custom:video-decoder-ogg-theora: a1e56fd34408186e4bbccfd4996cb3dc -> 
  custom:container-muxer-webm: aa71ff27fc2769a1b78a27578f13a17b -> 
  custom:container-demuxer-webm: 4f35f7cbe854078d1ac9338744f61a02 -> 
  custom:container-demuxer-ogg: 62fdf1f143b41e24485cea50d1cbac27 -> 
  custom:video-encoder-webm-vp8: eb34c28f22e8b96e1ab97ce403110664 -> 
  custom:video-decoder-webm-vp8: 9c59270c3fd7afecdb556c50c9e8de78 -> 
  custom:audio-decoder-ogg-vorbis: bf7c407c2cedff20999df2af8eb42d56 -> 
  custom:audio-encoder-webm-vorbis: bf7c407c2cedff20999df2af8eb42d56 -> 
========================================================================
Received Import Request.
  Time since last request: 139.573398 seconds.
  path: Assets/Scenes/Main Camera.prefab
  artifactKey: Guid(979dc49b79d62664c9a9b4f07f2c6ead) Importer(815301076,1909f56bfc062723c751e8b465ee728b)
Start importing Assets/Scenes/Main Camera.prefab using Guid(979dc49b79d62664c9a9b4f07f2c6ead) Importer(815301076,1909f56bfc062723c751e8b465ee728b)  -> (artifact id: '3473f9a82b7f416c866db9ea8850a50a') in 0.025362 seconds 
  Import took 0.028954 seconds .

========================================================================
Received Import Request.
  Time since last request: 166.886833 seconds.
  path: Assets/Characters/Personaje1.prefab
  artifactKey: Guid(7cc7064aef2a7b345a65f5ab487b7e87) Importer(815301076,1909f56bfc062723c751e8b465ee728b)
Start importing Assets/Characters/Personaje1.prefab using Guid(7cc7064aef2a7b345a65f5ab487b7e87) Importer(815301076,1909f56bfc062723c751e8b465ee728b)  -> (artifact id: 'efcc6701c979312508b22a27698557f3') in 0.029976 seconds 
  Import took 0.033657 seconds .

========================================================================
Received Import Request.
  Time since last request: 16.141503 seconds.
  path: Assets/Scenes/Lobby.unity
  artifactKey: Guid(2cda990e2423bbf4892e6590ba056729) Importer(815301076,1909f56bfc062723c751e8b465ee728b)
Start importing Assets/Scenes/Lobby.unity using Guid(2cda990e2423bbf4892e6590ba056729) Importer(815301076,1909f56bfc062723c751e8b465ee728b)  -> (artifact id: '5ca7f8b61a32a86a1b0a0fed09450e04') in 0.002200 seconds 
  Import took 0.006230 seconds .

========================================================================
Received Import Request.
  Time since last request: 0.000334 seconds.
  path: Assets/Scenes/Lobby.unity
  artifactKey: Guid(2cda990e2423bbf4892e6590ba056729) Importer(815301076,1909f56bfc062723c751e8b465ee728b)
Start importing Assets/Scenes/Lobby.unity using Guid(2cda990e2423bbf4892e6590ba056729) Importer(815301076,1909f56bfc062723c751e8b465ee728b)  -> (artifact id: '5ca7f8b61a32a86a1b0a0fed09450e04') in 0.001590 seconds 
  Import took 0.004100 seconds .

========================================================================
Received Prepare
Registering precompiled user dll's ...
Registered in 0.002851 seconds.
Begin MonoManager ReloadAssembly
Native extension for WindowsStandalone target not found
Refreshing native plugins compatible for Editor in 0.72 ms, found 3 plugins.
Preloading 0 native plugins for Editor in 0.00 ms.
Mono: successfully reloaded assembly
- Completed reload, in  0.897 seconds
Domain Reload Profiling:
	ReloadAssembly (898ms)
		BeginReloadAssembly (98ms)
			ExecutionOrderSort (0ms)
			DisableScriptedObjects (5ms)
			BackupInstance (0ms)
			ReleaseScriptingObjects (0ms)
			CreateAndSetChildDomain (35ms)
		EndReloadAssembly (748ms)
			LoadAssemblies (72ms)
			RebuildTransferFunctionScriptingTraits (0ms)
			SetupTypeCache (242ms)
			ReleaseScriptCaches (1ms)
			RebuildScriptCaches (38ms)
			SetupLoadedEditorAssemblies (309ms)
				LogAssemblyErrors (0ms)
				InitializePlatformSupportModulesInManaged (4ms)
				SetLoadedEditorAssemblies (0ms)
				RefreshPlugins (1ms)
				BeforeProcessingInitializeOnLoad (66ms)
				ProcessInitializeOnLoadAttributes (231ms)
				ProcessInitializeOnLoadMethodAttributes (5ms)
				AfterProcessingInitializeOnLoad (2ms)
				EditorAssembliesLoaded (0ms)
			ExecutionOrderSort2 (0ms)
			AwakeInstancesAfterBackupRestoration (8ms)
Platform modules already initialized, skipping
Refreshing native plugins compatible for Editor in 0.72 ms, found 3 plugins.
Preloading 0 native plugins for Editor in 0.00 ms.
Unloading 2196 Unused Serialized files (Serialized files now loaded: 0)
System memory in use before: 100.2 MB.
System memory in use after: 100.5 MB.

Unloading 29 unused Assets to reduce memory usage. Loaded Objects now: 3193.
Total: 3.465300 ms (FindLiveObjects: 0.293800 ms CreateObjectMapping: 0.056300 ms MarkObjects: 3.085400 ms  DeleteObjects: 0.028700 ms)

AssetImportParameters requested are different than current active one (requested -> active):
  custom:framework-win-MediaFoundation: 216162199b28c13a410421893ffa2e32 -> 
  custom:video-decoder-ogg-theora: a1e56fd34408186e4bbccfd4996cb3dc -> 
  custom:container-muxer-webm: aa71ff27fc2769a1b78a27578f13a17b -> 
  custom:container-demuxer-webm: 4f35f7cbe854078d1ac9338744f61a02 -> 
  custom:container-demuxer-ogg: 62fdf1f143b41e24485cea50d1cbac27 -> 
  custom:video-encoder-webm-vp8: eb34c28f22e8b96e1ab97ce403110664 -> 
  custom:video-decoder-webm-vp8: 9c59270c3fd7afecdb556c50c9e8de78 -> 
  custom:audio-decoder-ogg-vorbis: bf7c407c2cedff20999df2af8eb42d56 -> 
  custom:audio-encoder-webm-vorbis: bf7c407c2cedff20999df2af8eb42d56 -> 
========================================================================
Received Import Request.
  Time since last request: 118.008884 seconds.
  path: Assets/Character Selection Menu And Scene/Prefabs/Boy.prefab
  artifactKey: Guid(b8e5410306070e94388cd8f5e20116e2) Importer(815301076,1909f56bfc062723c751e8b465ee728b)
Start importing Assets/Character Selection Menu And Scene/Prefabs/Boy.prefab using Guid(b8e5410306070e94388cd8f5e20116e2) Importer(815301076,1909f56bfc062723c751e8b465ee728b)  -> (artifact id: '9930b365ca24c3042718d3e516c04993') in 0.051076 seconds 
  Import took 0.055209 seconds .

========================================================================
Received Import Request.
  Time since last request: 0.000156 seconds.
  path: Assets/Character Selection Menu And Scene/Prefabs/Dino.prefab
  artifactKey: Guid(ceda616fbe5950a4b9a42850d2aab2d9) Importer(815301076,1909f56bfc062723c751e8b465ee728b)
Start importing Assets/Character Selection Menu And Scene/Prefabs/Dino.prefab using Guid(ceda616fbe5950a4b9a42850d2aab2d9) Importer(815301076,1909f56bfc062723c751e8b465ee728b)  -> (artifact id: 'ef9f1f3f3022d7b1b468bcadfd858d76') in 0.013737 seconds 
  Import took 0.016948 seconds .

========================================================================
Received Import Request.
  Time since last request: 0.000192 seconds.
  path: Assets/Character Selection Menu And Scene/Prefabs/Girl.prefab
  artifactKey: Guid(14c0b763e10b26442b72be33750bbcad) Importer(815301076,1909f56bfc062723c751e8b465ee728b)
Start importing Assets/Character Selection Menu And Scene/Prefabs/Girl.prefab using Guid(14c0b763e10b26442b72be33750bbcad) Importer(815301076,1909f56bfc062723c751e8b465ee728b)  -> (artifact id: '3b126d8296d6a37017396adb0156436e') in 0.013306 seconds 
  Import took 0.016915 seconds .

========================================================================
Received Import Request.
  Time since last request: 79.935046 seconds.
  path: Assets/Characters/Personaje1.prefab
  artifactKey: Guid(7cc7064aef2a7b345a65f5ab487b7e87) Importer(815301076,1909f56bfc062723c751e8b465ee728b)
Start importing Assets/Characters/Personaje1.prefab using Guid(7cc7064aef2a7b345a65f5ab487b7e87) Importer(815301076,1909f56bfc062723c751e8b465ee728b)  -> (artifact id: 'da1c838fff379ce2ef8cfb639e4c028d') in 0.013794 seconds 
  Import took 0.017722 seconds .

AssetImportWorkerClient::OnTransportError - code=2 error=End of file
